<?xml version="1.0" encoding="UTF-8"?>
<!-- Generated by org.testng.reporters.JUnitReportReporter -->
<testsuite skipped="0" hostname="Suresh" name="com.adactin.main.AdactinHotel" tests="1" failures="0" timestamp="11 Dec 2024 16:49:35 GMT" time="1.613" errors="0">
  <testcase name="loginProcess" time="1.613" classname="com.adactin.main.AdactinHotel"/>
</testsuite> <!-- com.adactin.main.AdactinHotel -->
