<?xml version="1.0" encoding="UTF-8"?>
<!-- Generated by org.testng.reporters.JUnitReportReporter -->
<testsuite skipped="0" hostname="Suresh" name="com.adactin.main.check" tests="1" failures="0" timestamp="11 Dec 2024 05:12:51 GMT" time="5.812" errors="0">
  <testcase name="mains" time="5.812" classname="com.adactin.main.check"/>
</testsuite> <!-- com.adactin.main.check -->
